CRITICAL - 2021-11-29 08:05:06 --> Undefined variable $header
#0 C:\xampp\htdocs\blog\app\Views\home.php(1): CodeIgniter\Debug\Exceptions->errorHandler(2, 'Undefined varia...', 'C:\\xampp\\htdocs...', 1)
#1 C:\xampp\htdocs\blog\system\View\View.php(214): include('C:\\xampp\\htdocs...')
#2 C:\xampp\htdocs\blog\system\View\View.php(217): CodeIgniter\View\View->CodeIgniter\View\{closure}()
#3 C:\xampp\htdocs\blog\system\Common.php(1097): CodeIgniter\View\View->render('home', Array, true)
#4 C:\xampp\htdocs\blog\app\Controllers\Home.php(9): view('home')
#5 C:\xampp\htdocs\blog\system\CodeIgniter.php(824): App\Controllers\Home->index()
#6 C:\xampp\htdocs\blog\system\CodeIgniter.php(410): CodeIgniter\CodeIgniter->runController(Object(App\Controllers\Home))
#7 C:\xampp\htdocs\blog\system\CodeIgniter.php(318): CodeIgniter\CodeIgniter->handleRequest(NULL, Object(Config\Cache), false)
#8 C:\xampp\htdocs\blog\public\index.php(37): CodeIgniter\CodeIgniter->run()
#9 {main}
CRITICAL - 2021-11-29 08:14:50 --> Undefined variable $header
#0 C:\xampp\htdocs\blog\app\Views\home.php(1): CodeIgniter\Debug\Exceptions->errorHandler(2, 'Undefined varia...', 'C:\\xampp\\htdocs...', 1)
#1 C:\xampp\htdocs\blog\system\View\View.php(214): include('C:\\xampp\\htdocs...')
#2 C:\xampp\htdocs\blog\system\View\View.php(217): CodeIgniter\View\View->CodeIgniter\View\{closure}()
#3 C:\xampp\htdocs\blog\system\Common.php(1097): CodeIgniter\View\View->render('home', Array, true)
#4 C:\xampp\htdocs\blog\app\Controllers\Home.php(9): view('home')
#5 C:\xampp\htdocs\blog\system\CodeIgniter.php(824): App\Controllers\Home->index()
#6 C:\xampp\htdocs\blog\system\CodeIgniter.php(410): CodeIgniter\CodeIgniter->runController(Object(App\Controllers\Home))
#7 C:\xampp\htdocs\blog\system\CodeIgniter.php(318): CodeIgniter\CodeIgniter->handleRequest(NULL, Object(Config\Cache), false)
#8 C:\xampp\htdocs\blog\public\index.php(37): CodeIgniter\CodeIgniter->run()
#9 {main}
ERROR - 2021-11-29 08:37:40 --> Table 'konecta.empleados' doesn't exist
CRITICAL - 2021-11-29 08:37:40 --> Table 'konecta.empleados' doesn't exist
#0 C:\xampp\htdocs\blog\system\Database\MySQLi\Connection.php(292): mysqli->query('SELECT *\nFROM `...', 0)
#1 C:\xampp\htdocs\blog\system\Database\BaseConnection.php(670): CodeIgniter\Database\MySQLi\Connection->execute('SELECT *\nFROM `...')
#2 C:\xampp\htdocs\blog\system\Database\BaseConnection.php(598): CodeIgniter\Database\BaseConnection->simpleQuery('SELECT *\nFROM `...')
#3 C:\xampp\htdocs\blog\system\Database\BaseBuilder.php(1443): CodeIgniter\Database\BaseConnection->query('SELECT *\nFROM `...', Array, false)
#4 C:\xampp\htdocs\blog\system\Model.php(183): CodeIgniter\Database\BaseBuilder->get()
#5 C:\xampp\htdocs\blog\system\BaseModel.php(584): CodeIgniter\Model->doFindAll(0, 0)
#6 C:\xampp\htdocs\blog\app\Controllers\Empleados.php(10): CodeIgniter\BaseModel->findAll()
#7 C:\xampp\htdocs\blog\system\CodeIgniter.php(824): App\Controllers\Empleados->index()
#8 C:\xampp\htdocs\blog\system\CodeIgniter.php(410): CodeIgniter\CodeIgniter->runController(Object(App\Controllers\Empleados))
#9 C:\xampp\htdocs\blog\system\CodeIgniter.php(318): CodeIgniter\CodeIgniter->handleRequest(NULL, Object(Config\Cache), false)
#10 C:\xampp\htdocs\blog\public\index.php(37): CodeIgniter\CodeIgniter->run()
#11 {main}
ERROR - 2021-11-29 08:52:46 --> Table 'konecta.empleado' doesn't exist
CRITICAL - 2021-11-29 08:52:46 --> Table 'konecta.empleado' doesn't exist
#0 C:\xampp\htdocs\blog\system\Database\MySQLi\Connection.php(292): mysqli->query('SELECT *\nFROM `...', 0)
#1 C:\xampp\htdocs\blog\system\Database\BaseConnection.php(670): CodeIgniter\Database\MySQLi\Connection->execute('SELECT *\nFROM `...')
#2 C:\xampp\htdocs\blog\system\Database\BaseConnection.php(598): CodeIgniter\Database\BaseConnection->simpleQuery('SELECT *\nFROM `...')
#3 C:\xampp\htdocs\blog\system\Database\BaseBuilder.php(1443): CodeIgniter\Database\BaseConnection->query('SELECT *\nFROM `...', Array, false)
#4 C:\xampp\htdocs\blog\system\Model.php(183): CodeIgniter\Database\BaseBuilder->get()
#5 C:\xampp\htdocs\blog\system\BaseModel.php(584): CodeIgniter\Model->doFindAll(0, 0)
#6 C:\xampp\htdocs\blog\app\Controllers\Empleados.php(10): CodeIgniter\BaseModel->findAll()
#7 C:\xampp\htdocs\blog\system\CodeIgniter.php(824): App\Controllers\Empleados->index()
#8 C:\xampp\htdocs\blog\system\CodeIgniter.php(410): CodeIgniter\CodeIgniter->runController(Object(App\Controllers\Empleados))
#9 C:\xampp\htdocs\blog\system\CodeIgniter.php(318): CodeIgniter\CodeIgniter->handleRequest(NULL, Object(Config\Cache), false)
#10 C:\xampp\htdocs\blog\public\index.php(37): CodeIgniter\CodeIgniter->run()
#11 {main}
CRITICAL - 2021-11-29 08:53:12 --> Undefined variable $solicitud
#0 C:\xampp\htdocs\blog\app\Controllers\Empleados.php(11): CodeIgniter\Debug\Exceptions->errorHandler(2, 'Undefined varia...', 'C:\\xampp\\htdocs...', 11)
#1 C:\xampp\htdocs\blog\system\CodeIgniter.php(824): App\Controllers\Empleados->index()
#2 C:\xampp\htdocs\blog\system\CodeIgniter.php(410): CodeIgniter\CodeIgniter->runController(Object(App\Controllers\Empleados))
#3 C:\xampp\htdocs\blog\system\CodeIgniter.php(318): CodeIgniter\CodeIgniter->handleRequest(NULL, Object(Config\Cache), false)
#4 C:\xampp\htdocs\blog\public\index.php(37): CodeIgniter\CodeIgniter->run()
#5 {main}
CRITICAL - 2021-11-29 08:55:44 --> Undefined variable $solicitud
#0 C:\xampp\htdocs\blog\app\Controllers\Empleados.php(11): CodeIgniter\Debug\Exceptions->errorHandler(2, 'Undefined varia...', 'C:\\xampp\\htdocs...', 11)
#1 C:\xampp\htdocs\blog\system\CodeIgniter.php(824): App\Controllers\Empleados->index()
#2 C:\xampp\htdocs\blog\system\CodeIgniter.php(410): CodeIgniter\CodeIgniter->runController(Object(App\Controllers\Empleados))
#3 C:\xampp\htdocs\blog\system\CodeIgniter.php(318): CodeIgniter\CodeIgniter->handleRequest(NULL, Object(Config\Cache), false)
#4 C:\xampp\htdocs\blog\public\index.php(37): CodeIgniter\CodeIgniter->run()
#5 {main}
CRITICAL - 2021-11-29 08:55:45 --> Undefined variable $solicitud
#0 C:\xampp\htdocs\blog\app\Controllers\Empleados.php(11): CodeIgniter\Debug\Exceptions->errorHandler(2, 'Undefined varia...', 'C:\\xampp\\htdocs...', 11)
#1 C:\xampp\htdocs\blog\system\CodeIgniter.php(824): App\Controllers\Empleados->index()
#2 C:\xampp\htdocs\blog\system\CodeIgniter.php(410): CodeIgniter\CodeIgniter->runController(Object(App\Controllers\Empleados))
#3 C:\xampp\htdocs\blog\system\CodeIgniter.php(318): CodeIgniter\CodeIgniter->handleRequest(NULL, Object(Config\Cache), false)
#4 C:\xampp\htdocs\blog\public\index.php(37): CodeIgniter\CodeIgniter->run()
#5 {main}
CRITICAL - 2021-11-29 09:00:33 --> Undefined variable $empleados
#0 C:\xampp\htdocs\blog\app\Views\empleados.php(2): CodeIgniter\Debug\Exceptions->errorHandler(2, 'Undefined varia...', 'C:\\xampp\\htdocs...', 2)
#1 C:\xampp\htdocs\blog\system\View\View.php(214): include('C:\\xampp\\htdocs...')
#2 C:\xampp\htdocs\blog\system\View\View.php(217): CodeIgniter\View\View->CodeIgniter\View\{closure}()
#3 C:\xampp\htdocs\blog\system\Common.php(1097): CodeIgniter\View\View->render('empleados', Array, true)
#4 C:\xampp\htdocs\blog\app\Controllers\Solicitudes.php(12): view('empleados', Array)
#5 C:\xampp\htdocs\blog\system\CodeIgniter.php(824): App\Controllers\Solicitudes->index()
#6 C:\xampp\htdocs\blog\system\CodeIgniter.php(410): CodeIgniter\CodeIgniter->runController(Object(App\Controllers\Solicitudes))
#7 C:\xampp\htdocs\blog\system\CodeIgniter.php(318): CodeIgniter\CodeIgniter->handleRequest(NULL, Object(Config\Cache), false)
#8 C:\xampp\htdocs\blog\public\index.php(37): CodeIgniter\CodeIgniter->run()
#9 {main}
CRITICAL - 2021-11-29 09:04:42 --> Undefined variable $solicitudess
#0 C:\xampp\htdocs\blog\app\Views\solicitudes.php(17): CodeIgniter\Debug\Exceptions->errorHandler(2, 'Undefined varia...', 'C:\\xampp\\htdocs...', 17)
#1 C:\xampp\htdocs\blog\system\View\View.php(214): include('C:\\xampp\\htdocs...')
#2 C:\xampp\htdocs\blog\system\View\View.php(217): CodeIgniter\View\View->CodeIgniter\View\{closure}()
#3 C:\xampp\htdocs\blog\system\Common.php(1097): CodeIgniter\View\View->render('solicitudes', Array, true)
#4 C:\xampp\htdocs\blog\app\Controllers\Solicitudes.php(12): view('solicitudes', Array)
#5 C:\xampp\htdocs\blog\system\CodeIgniter.php(824): App\Controllers\Solicitudes->index()
#6 C:\xampp\htdocs\blog\system\CodeIgniter.php(410): CodeIgniter\CodeIgniter->runController(Object(App\Controllers\Solicitudes))
#7 C:\xampp\htdocs\blog\system\CodeIgniter.php(318): CodeIgniter\CodeIgniter->handleRequest(NULL, Object(Config\Cache), false)
#8 C:\xampp\htdocs\blog\public\index.php(37): CodeIgniter\CodeIgniter->run()
#9 {main}
CRITICAL - 2021-11-29 09:08:30 --> Undefined variable $header
#0 C:\xampp\htdocs\blog\app\Views\home.php(1): CodeIgniter\Debug\Exceptions->errorHandler(2, 'Undefined varia...', 'C:\\xampp\\htdocs...', 1)
#1 C:\xampp\htdocs\blog\system\View\View.php(214): include('C:\\xampp\\htdocs...')
#2 C:\xampp\htdocs\blog\system\View\View.php(217): CodeIgniter\View\View->CodeIgniter\View\{closure}()
#3 C:\xampp\htdocs\blog\system\Common.php(1097): CodeIgniter\View\View->render('home', Array, true)
#4 C:\xampp\htdocs\blog\app\Controllers\Home.php(9): view('home')
#5 C:\xampp\htdocs\blog\system\CodeIgniter.php(824): App\Controllers\Home->index()
#6 C:\xampp\htdocs\blog\system\CodeIgniter.php(410): CodeIgniter\CodeIgniter->runController(Object(App\Controllers\Home))
#7 C:\xampp\htdocs\blog\system\CodeIgniter.php(318): CodeIgniter\CodeIgniter->handleRequest(NULL, Object(Config\Cache), false)
#8 C:\xampp\htdocs\blog\public\index.php(37): CodeIgniter\CodeIgniter->run()
#9 {main}
CRITICAL - 2021-11-29 09:10:20 --> Undefined variable $header
#0 C:\xampp\htdocs\blog\app\Views\home.php(1): CodeIgniter\Debug\Exceptions->errorHandler(2, 'Undefined varia...', 'C:\\xampp\\htdocs...', 1)
#1 C:\xampp\htdocs\blog\system\View\View.php(214): include('C:\\xampp\\htdocs...')
#2 C:\xampp\htdocs\blog\system\View\View.php(217): CodeIgniter\View\View->CodeIgniter\View\{closure}()
#3 C:\xampp\htdocs\blog\system\Common.php(1097): CodeIgniter\View\View->render('home', Array, true)
#4 C:\xampp\htdocs\blog\app\Controllers\Home.php(11): view('home')
#5 C:\xampp\htdocs\blog\system\CodeIgniter.php(824): App\Controllers\Home->index()
#6 C:\xampp\htdocs\blog\system\CodeIgniter.php(410): CodeIgniter\CodeIgniter->runController(Object(App\Controllers\Home))
#7 C:\xampp\htdocs\blog\system\CodeIgniter.php(318): CodeIgniter\CodeIgniter->handleRequest(NULL, Object(Config\Cache), false)
#8 C:\xampp\htdocs\blog\public\index.php(37): CodeIgniter\CodeIgniter->run()
#9 {main}
CRITICAL - 2021-11-29 09:36:37 --> Undefined variable $solicitud
#0 C:\xampp\htdocs\blog\app\Views\solicitudes.php(2): CodeIgniter\Debug\Exceptions->errorHandler(2, 'Undefined varia...', 'C:\\xampp\\htdocs...', 2)
#1 C:\xampp\htdocs\blog\system\View\View.php(214): include('C:\\xampp\\htdocs...')
#2 C:\xampp\htdocs\blog\system\View\View.php(217): CodeIgniter\View\View->CodeIgniter\View\{closure}()
#3 C:\xampp\htdocs\blog\system\Common.php(1097): CodeIgniter\View\View->render('solicitudes', Array, true)
#4 C:\xampp\htdocs\blog\app\Controllers\Solicitudes.php(13): view('solicitudes', Array)
#5 C:\xampp\htdocs\blog\system\CodeIgniter.php(824): App\Controllers\Solicitudes->index()
#6 C:\xampp\htdocs\blog\system\CodeIgniter.php(410): CodeIgniter\CodeIgniter->runController(Object(App\Controllers\Solicitudes))
#7 C:\xampp\htdocs\blog\system\CodeIgniter.php(318): CodeIgniter\CodeIgniter->handleRequest(NULL, Object(Config\Cache), false)
#8 C:\xampp\htdocs\blog\public\index.php(37): CodeIgniter\CodeIgniter->run()
#9 {main}
CRITICAL - 2021-11-29 09:36:45 --> Array to string conversion
#0 C:\xampp\htdocs\blog\app\Views\solicitudes.php(2): CodeIgniter\Debug\Exceptions->errorHandler(2, 'Array to string...', 'C:\\xampp\\htdocs...', 2)
#1 C:\xampp\htdocs\blog\system\View\View.php(214): include('C:\\xampp\\htdocs...')
#2 C:\xampp\htdocs\blog\system\View\View.php(217): CodeIgniter\View\View->CodeIgniter\View\{closure}()
#3 C:\xampp\htdocs\blog\system\Common.php(1097): CodeIgniter\View\View->render('solicitudes', Array, true)
#4 C:\xampp\htdocs\blog\app\Controllers\Solicitudes.php(13): view('solicitudes', Array)
#5 C:\xampp\htdocs\blog\system\CodeIgniter.php(824): App\Controllers\Solicitudes->index()
#6 C:\xampp\htdocs\blog\system\CodeIgniter.php(410): CodeIgniter\CodeIgniter->runController(Object(App\Controllers\Solicitudes))
#7 C:\xampp\htdocs\blog\system\CodeIgniter.php(318): CodeIgniter\CodeIgniter->handleRequest(NULL, Object(Config\Cache), false)
#8 C:\xampp\htdocs\blog\public\index.php(37): CodeIgniter\CodeIgniter->run()
#9 {main}
CRITICAL - 2021-11-29 09:38:13 --> syntax error, unexpected token "echo"
#0 C:\xampp\htdocs\blog\system\View\View.php(217): CodeIgniter\View\View->CodeIgniter\View\{closure}()
#1 C:\xampp\htdocs\blog\system\Common.php(1097): CodeIgniter\View\View->render('solicitudes', Array, true)
#2 C:\xampp\htdocs\blog\app\Controllers\Solicitudes.php(13): view('solicitudes', Array)
#3 C:\xampp\htdocs\blog\system\CodeIgniter.php(824): App\Controllers\Solicitudes->index()
#4 C:\xampp\htdocs\blog\system\CodeIgniter.php(410): CodeIgniter\CodeIgniter->runController(Object(App\Controllers\Solicitudes))
#5 C:\xampp\htdocs\blog\system\CodeIgniter.php(318): CodeIgniter\CodeIgniter->handleRequest(NULL, Object(Config\Cache), false)
#6 C:\xampp\htdocs\blog\public\index.php(37): CodeIgniter\CodeIgniter->run()
#7 {main}
CRITICAL - 2021-11-29 09:38:22 --> Object of class App\Models\Solicitud could not be converted to string
#0 C:\xampp\htdocs\blog\system\View\View.php(214): include()
#1 C:\xampp\htdocs\blog\system\View\View.php(217): CodeIgniter\View\View->CodeIgniter\View\{closure}()
#2 C:\xampp\htdocs\blog\system\Common.php(1097): CodeIgniter\View\View->render('solicitudes', Array, true)
#3 C:\xampp\htdocs\blog\app\Controllers\Solicitudes.php(13): view('solicitudes', Array)
#4 C:\xampp\htdocs\blog\system\CodeIgniter.php(824): App\Controllers\Solicitudes->index()
#5 C:\xampp\htdocs\blog\system\CodeIgniter.php(410): CodeIgniter\CodeIgniter->runController(Object(App\Controllers\Solicitudes))
#6 C:\xampp\htdocs\blog\system\CodeIgniter.php(318): CodeIgniter\CodeIgniter->handleRequest(NULL, Object(Config\Cache), false)
#7 C:\xampp\htdocs\blog\public\index.php(37): CodeIgniter\CodeIgniter->run()
#8 {main}
CRITICAL - 2021-11-29 10:02:27 --> Undefined variable $nombre_empleado
#0 C:\xampp\htdocs\blog\app\Views\solicitudes.php(2): CodeIgniter\Debug\Exceptions->errorHandler(2, 'Undefined varia...', 'C:\\xampp\\htdocs...', 2)
#1 C:\xampp\htdocs\blog\system\View\View.php(214): include('C:\\xampp\\htdocs...')
#2 C:\xampp\htdocs\blog\system\View\View.php(217): CodeIgniter\View\View->CodeIgniter\View\{closure}()
#3 C:\xampp\htdocs\blog\system\Common.php(1097): CodeIgniter\View\View->render('solicitudes', Array, true)
#4 C:\xampp\htdocs\blog\app\Controllers\Solicitudes.php(13): view('solicitudes', Array)
#5 C:\xampp\htdocs\blog\system\CodeIgniter.php(824): App\Controllers\Solicitudes->index()
#6 C:\xampp\htdocs\blog\system\CodeIgniter.php(410): CodeIgniter\CodeIgniter->runController(Object(App\Controllers\Solicitudes))
#7 C:\xampp\htdocs\blog\system\CodeIgniter.php(318): CodeIgniter\CodeIgniter->handleRequest(NULL, Object(Config\Cache), false)
#8 C:\xampp\htdocs\blog\public\index.php(37): CodeIgniter\CodeIgniter->run()
#9 {main}
CRITICAL - 2021-11-29 10:02:54 --> Cannot use object of type mysqli as array
#0 C:\xampp\htdocs\blog\system\View\View.php(214): include()
#1 C:\xampp\htdocs\blog\system\View\View.php(217): CodeIgniter\View\View->CodeIgniter\View\{closure}()
#2 C:\xampp\htdocs\blog\system\Common.php(1097): CodeIgniter\View\View->render('solicitudes', Array, true)
#3 C:\xampp\htdocs\blog\app\Controllers\Solicitudes.php(13): view('solicitudes', Array)
#4 C:\xampp\htdocs\blog\system\CodeIgniter.php(824): App\Controllers\Solicitudes->index()
#5 C:\xampp\htdocs\blog\system\CodeIgniter.php(410): CodeIgniter\CodeIgniter->runController(Object(App\Controllers\Solicitudes))
#6 C:\xampp\htdocs\blog\system\CodeIgniter.php(318): CodeIgniter\CodeIgniter->handleRequest(NULL, Object(Config\Cache), false)
#7 C:\xampp\htdocs\blog\public\index.php(37): CodeIgniter\CodeIgniter->run()
#8 {main}
CRITICAL - 2021-11-29 10:03:27 --> Undefined variable $solicitud
#0 C:\xampp\htdocs\blog\app\Views\solicitudes.php(2): CodeIgniter\Debug\Exceptions->errorHandler(2, 'Undefined varia...', 'C:\\xampp\\htdocs...', 2)
#1 C:\xampp\htdocs\blog\system\View\View.php(214): include('C:\\xampp\\htdocs...')
#2 C:\xampp\htdocs\blog\system\View\View.php(217): CodeIgniter\View\View->CodeIgniter\View\{closure}()
#3 C:\xampp\htdocs\blog\system\Common.php(1097): CodeIgniter\View\View->render('solicitudes', Array, true)
#4 C:\xampp\htdocs\blog\app\Controllers\Solicitudes.php(13): view('solicitudes', Array)
#5 C:\xampp\htdocs\blog\system\CodeIgniter.php(824): App\Controllers\Solicitudes->index()
#6 C:\xampp\htdocs\blog\system\CodeIgniter.php(410): CodeIgniter\CodeIgniter->runController(Object(App\Controllers\Solicitudes))
#7 C:\xampp\htdocs\blog\system\CodeIgniter.php(318): CodeIgniter\CodeIgniter->handleRequest(NULL, Object(Config\Cache), false)
#8 C:\xampp\htdocs\blog\public\index.php(37): CodeIgniter\CodeIgniter->run()
#9 {main}
CRITICAL - 2021-11-29 10:04:34 --> Unclosed '{' on line 17
#0 C:\xampp\htdocs\blog\system\View\View.php(217): CodeIgniter\View\View->CodeIgniter\View\{closure}()
#1 C:\xampp\htdocs\blog\system\Common.php(1097): CodeIgniter\View\View->render('solicitudes', Array, true)
#2 C:\xampp\htdocs\blog\app\Controllers\Solicitudes.php(13): view('solicitudes', Array)
#3 C:\xampp\htdocs\blog\system\CodeIgniter.php(824): App\Controllers\Solicitudes->index()
#4 C:\xampp\htdocs\blog\system\CodeIgniter.php(410): CodeIgniter\CodeIgniter->runController(Object(App\Controllers\Solicitudes))
#5 C:\xampp\htdocs\blog\system\CodeIgniter.php(318): CodeIgniter\CodeIgniter->handleRequest(NULL, Object(Config\Cache), false)
#6 C:\xampp\htdocs\blog\public\index.php(37): CodeIgniter\CodeIgniter->run()
#7 {main}
ERROR - 2021-11-29 10:09:47 --> Unknown column 'solicitudes.id_empleados' in 'on clause'
CRITICAL - 2021-11-29 10:09:47 --> Unknown column 'solicitudes.id_empleados' in 'on clause'
#0 C:\xampp\htdocs\blog\system\Database\MySQLi\Connection.php(292): mysqli->query('SELECT *\nFROM `...', 0)
#1 C:\xampp\htdocs\blog\system\Database\BaseConnection.php(670): CodeIgniter\Database\MySQLi\Connection->execute('SELECT *\nFROM `...')
#2 C:\xampp\htdocs\blog\system\Database\BaseConnection.php(598): CodeIgniter\Database\BaseConnection->simpleQuery('SELECT *\nFROM `...')
#3 C:\xampp\htdocs\blog\system\Database\BaseBuilder.php(1443): CodeIgniter\Database\BaseConnection->query('SELECT *\nFROM `...', Array, false)
#4 C:\xampp\htdocs\blog\system\Model.php(183): CodeIgniter\Database\BaseBuilder->get()
#5 C:\xampp\htdocs\blog\system\BaseModel.php(584): CodeIgniter\Model->doFindAll(0, 0)
#6 C:\xampp\htdocs\blog\app\Controllers\Solicitudes.php(10): CodeIgniter\BaseModel->findAll()
#7 C:\xampp\htdocs\blog\system\CodeIgniter.php(824): App\Controllers\Solicitudes->index()
#8 C:\xampp\htdocs\blog\system\CodeIgniter.php(410): CodeIgniter\CodeIgniter->runController(Object(App\Controllers\Solicitudes))
#9 C:\xampp\htdocs\blog\system\CodeIgniter.php(318): CodeIgniter\CodeIgniter->handleRequest(NULL, Object(Config\Cache), false)
#10 C:\xampp\htdocs\blog\public\index.php(37): CodeIgniter\CodeIgniter->run()
#11 {main}
ERROR - 2021-11-29 10:09:59 --> Column 'id' in order clause is ambiguous
CRITICAL - 2021-11-29 10:09:59 --> Column 'id' in order clause is ambiguous
#0 C:\xampp\htdocs\blog\system\Database\MySQLi\Connection.php(292): mysqli->query('SELECT *\nFROM `...', 0)
#1 C:\xampp\htdocs\blog\system\Database\BaseConnection.php(670): CodeIgniter\Database\MySQLi\Connection->execute('SELECT *\nFROM `...')
#2 C:\xampp\htdocs\blog\system\Database\BaseConnection.php(598): CodeIgniter\Database\BaseConnection->simpleQuery('SELECT *\nFROM `...')
#3 C:\xampp\htdocs\blog\system\Database\BaseBuilder.php(1443): CodeIgniter\Database\BaseConnection->query('SELECT *\nFROM `...', Array, false)
#4 C:\xampp\htdocs\blog\system\Model.php(183): CodeIgniter\Database\BaseBuilder->get()
#5 C:\xampp\htdocs\blog\system\BaseModel.php(584): CodeIgniter\Model->doFindAll(0, 0)
#6 C:\xampp\htdocs\blog\app\Controllers\Solicitudes.php(10): CodeIgniter\BaseModel->findAll()
#7 C:\xampp\htdocs\blog\system\CodeIgniter.php(824): App\Controllers\Solicitudes->index()
#8 C:\xampp\htdocs\blog\system\CodeIgniter.php(410): CodeIgniter\CodeIgniter->runController(Object(App\Controllers\Solicitudes))
#9 C:\xampp\htdocs\blog\system\CodeIgniter.php(318): CodeIgniter\CodeIgniter->handleRequest(NULL, Object(Config\Cache), false)
#10 C:\xampp\htdocs\blog\public\index.php(37): CodeIgniter\CodeIgniter->run()
#11 {main}
ERROR - 2021-11-29 10:10:38 --> Table 'empleados.nombre' doesn't exist
CRITICAL - 2021-11-29 10:10:38 --> Table 'empleados.nombre' doesn't exist
#0 C:\xampp\htdocs\blog\system\Database\MySQLi\Connection.php(292): mysqli->query('SELECT *\nFROM `...', 0)
#1 C:\xampp\htdocs\blog\system\Database\BaseConnection.php(670): CodeIgniter\Database\MySQLi\Connection->execute('SELECT *\nFROM `...')
#2 C:\xampp\htdocs\blog\system\Database\BaseConnection.php(598): CodeIgniter\Database\BaseConnection->simpleQuery('SELECT *\nFROM `...')
#3 C:\xampp\htdocs\blog\system\Database\BaseBuilder.php(1443): CodeIgniter\Database\BaseConnection->query('SELECT *\nFROM `...', Array, false)
#4 C:\xampp\htdocs\blog\system\Model.php(183): CodeIgniter\Database\BaseBuilder->get()
#5 C:\xampp\htdocs\blog\system\BaseModel.php(584): CodeIgniter\Model->doFindAll(0, 0)
#6 C:\xampp\htdocs\blog\app\Controllers\Solicitudes.php(10): CodeIgniter\BaseModel->findAll()
#7 C:\xampp\htdocs\blog\system\CodeIgniter.php(824): App\Controllers\Solicitudes->index()
#8 C:\xampp\htdocs\blog\system\CodeIgniter.php(410): CodeIgniter\CodeIgniter->runController(Object(App\Controllers\Solicitudes))
#9 C:\xampp\htdocs\blog\system\CodeIgniter.php(318): CodeIgniter\CodeIgniter->handleRequest(NULL, Object(Config\Cache), false)
#10 C:\xampp\htdocs\blog\public\index.php(37): CodeIgniter\CodeIgniter->run()
#11 {main}
ERROR - 2021-11-29 10:11:28 --> Table 'konecta.nombre' doesn't exist
CRITICAL - 2021-11-29 10:11:28 --> Table 'konecta.nombre' doesn't exist
#0 C:\xampp\htdocs\blog\system\Database\MySQLi\Connection.php(292): mysqli->query('SELECT *\nFROM `...', 0)
#1 C:\xampp\htdocs\blog\system\Database\BaseConnection.php(670): CodeIgniter\Database\MySQLi\Connection->execute('SELECT *\nFROM `...')
#2 C:\xampp\htdocs\blog\system\Database\BaseConnection.php(598): CodeIgniter\Database\BaseConnection->simpleQuery('SELECT *\nFROM `...')
#3 C:\xampp\htdocs\blog\system\Database\BaseBuilder.php(1443): CodeIgniter\Database\BaseConnection->query('SELECT *\nFROM `...', Array, false)
#4 C:\xampp\htdocs\blog\system\Model.php(183): CodeIgniter\Database\BaseBuilder->get()
#5 C:\xampp\htdocs\blog\system\BaseModel.php(584): CodeIgniter\Model->doFindAll(0, 0)
#6 C:\xampp\htdocs\blog\app\Controllers\Solicitudes.php(10): CodeIgniter\BaseModel->findAll()
#7 C:\xampp\htdocs\blog\system\CodeIgniter.php(824): App\Controllers\Solicitudes->index()
#8 C:\xampp\htdocs\blog\system\CodeIgniter.php(410): CodeIgniter\CodeIgniter->runController(Object(App\Controllers\Solicitudes))
#9 C:\xampp\htdocs\blog\system\CodeIgniter.php(318): CodeIgniter\CodeIgniter->handleRequest(NULL, Object(Config\Cache), false)
#10 C:\xampp\htdocs\blog\public\index.php(37): CodeIgniter\CodeIgniter->run()
#11 {main}
ERROR - 2021-11-29 10:11:52 --> Column 'id' in order clause is ambiguous
CRITICAL - 2021-11-29 10:11:52 --> Column 'id' in order clause is ambiguous
#0 C:\xampp\htdocs\blog\system\Database\MySQLi\Connection.php(292): mysqli->query('SELECT *\nFROM `...', 0)
#1 C:\xampp\htdocs\blog\system\Database\BaseConnection.php(670): CodeIgniter\Database\MySQLi\Connection->execute('SELECT *\nFROM `...')
#2 C:\xampp\htdocs\blog\system\Database\BaseConnection.php(598): CodeIgniter\Database\BaseConnection->simpleQuery('SELECT *\nFROM `...')
#3 C:\xampp\htdocs\blog\system\Database\BaseBuilder.php(1443): CodeIgniter\Database\BaseConnection->query('SELECT *\nFROM `...', Array, false)
#4 C:\xampp\htdocs\blog\system\Model.php(183): CodeIgniter\Database\BaseBuilder->get()
#5 C:\xampp\htdocs\blog\system\BaseModel.php(584): CodeIgniter\Model->doFindAll(0, 0)
#6 C:\xampp\htdocs\blog\app\Controllers\Solicitudes.php(10): CodeIgniter\BaseModel->findAll()
#7 C:\xampp\htdocs\blog\system\CodeIgniter.php(824): App\Controllers\Solicitudes->index()
#8 C:\xampp\htdocs\blog\system\CodeIgniter.php(410): CodeIgniter\CodeIgniter->runController(Object(App\Controllers\Solicitudes))
#9 C:\xampp\htdocs\blog\system\CodeIgniter.php(318): CodeIgniter\CodeIgniter->handleRequest(NULL, Object(Config\Cache), false)
#10 C:\xampp\htdocs\blog\public\index.php(37): CodeIgniter\CodeIgniter->run()
#11 {main}
CRITICAL - 2021-11-29 10:12:23 --> Too few arguments to function CodeIgniter\Database\BaseBuilder::join(), 1 passed in C:\xampp\htdocs\blog\system\Model.php on line 723 and at least 2 expected
#0 C:\xampp\htdocs\blog\system\Model.php(723): CodeIgniter\Database\BaseBuilder->join('SELECT s.id, s....')
#1 C:\xampp\htdocs\blog\app\Controllers\Solicitudes.php(9): CodeIgniter\Model->__call('join', Array)
#2 C:\xampp\htdocs\blog\system\CodeIgniter.php(824): App\Controllers\Solicitudes->index()
#3 C:\xampp\htdocs\blog\system\CodeIgniter.php(410): CodeIgniter\CodeIgniter->runController(Object(App\Controllers\Solicitudes))
#4 C:\xampp\htdocs\blog\system\CodeIgniter.php(318): CodeIgniter\CodeIgniter->handleRequest(NULL, Object(Config\Cache), false)
#5 C:\xampp\htdocs\blog\public\index.php(37): CodeIgniter\CodeIgniter->run()
#6 {main}
CRITICAL - 2021-11-29 10:12:55 --> Too few arguments to function CodeIgniter\Database\BaseBuilder::join(), 1 passed in C:\xampp\htdocs\blog\system\Model.php on line 723 and at least 2 expected
#0 C:\xampp\htdocs\blog\system\Model.php(723): CodeIgniter\Database\BaseBuilder->join('SELECT s.id, s....')
#1 C:\xampp\htdocs\blog\app\Controllers\Solicitudes.php(9): CodeIgniter\Model->__call('join', Array)
#2 C:\xampp\htdocs\blog\system\CodeIgniter.php(824): App\Controllers\Solicitudes->index()
#3 C:\xampp\htdocs\blog\system\CodeIgniter.php(410): CodeIgniter\CodeIgniter->runController(Object(App\Controllers\Solicitudes))
#4 C:\xampp\htdocs\blog\system\CodeIgniter.php(318): CodeIgniter\CodeIgniter->handleRequest(NULL, Object(Config\Cache), false)
#5 C:\xampp\htdocs\blog\public\index.php(37): CodeIgniter\CodeIgniter->run()
#6 {main}
CRITICAL - 2021-11-29 10:22:19 --> Too few arguments to function CodeIgniter\Database\BaseBuilder::join(), 1 passed in C:\xampp\htdocs\blog\system\Model.php on line 723 and at least 2 expected
#0 C:\xampp\htdocs\blog\system\Model.php(723): CodeIgniter\Database\BaseBuilder->join('SELECT s.id, s....')
#1 C:\xampp\htdocs\blog\app\Controllers\Solicitudes.php(9): CodeIgniter\Model->__call('join', Array)
#2 C:\xampp\htdocs\blog\system\CodeIgniter.php(824): App\Controllers\Solicitudes->index()
#3 C:\xampp\htdocs\blog\system\CodeIgniter.php(410): CodeIgniter\CodeIgniter->runController(Object(App\Controllers\Solicitudes))
#4 C:\xampp\htdocs\blog\system\CodeIgniter.php(318): CodeIgniter\CodeIgniter->handleRequest(NULL, Object(Config\Cache), false)
#5 C:\xampp\htdocs\blog\public\index.php(37): CodeIgniter\CodeIgniter->run()
#6 {main}
CRITICAL - 2021-11-29 10:22:25 --> Too few arguments to function CodeIgniter\Database\BaseBuilder::join(), 1 passed in C:\xampp\htdocs\blog\system\Model.php on line 723 and at least 2 expected
#0 C:\xampp\htdocs\blog\system\Model.php(723): CodeIgniter\Database\BaseBuilder->join('SELECT s.id, s....')
#1 C:\xampp\htdocs\blog\app\Controllers\Solicitudes.php(9): CodeIgniter\Model->__call('join', Array)
#2 C:\xampp\htdocs\blog\system\CodeIgniter.php(824): App\Controllers\Solicitudes->index()
#3 C:\xampp\htdocs\blog\system\CodeIgniter.php(410): CodeIgniter\CodeIgniter->runController(Object(App\Controllers\Solicitudes))
#4 C:\xampp\htdocs\blog\system\CodeIgniter.php(318): CodeIgniter\CodeIgniter->handleRequest(NULL, Object(Config\Cache), false)
#5 C:\xampp\htdocs\blog\public\index.php(37): CodeIgniter\CodeIgniter->run()
#6 {main}
ERROR - 2021-11-29 10:22:42 --> Unknown column 'empleado.name' in 'field list'
CRITICAL - 2021-11-29 10:22:42 --> Unknown column 'empleado.name' in 'field list'
#0 C:\xampp\htdocs\blog\system\Database\MySQLi\Connection.php(292): mysqli->query('SELECT `solicit...', 0)
#1 C:\xampp\htdocs\blog\system\Database\BaseConnection.php(670): CodeIgniter\Database\MySQLi\Connection->execute('SELECT `solicit...')
#2 C:\xampp\htdocs\blog\system\Database\BaseConnection.php(598): CodeIgniter\Database\BaseConnection->simpleQuery('SELECT `solicit...')
#3 C:\xampp\htdocs\blog\system\Database\BaseBuilder.php(1443): CodeIgniter\Database\BaseConnection->query('SELECT `solicit...', Array, false)
#4 C:\xampp\htdocs\blog\system\Model.php(723): CodeIgniter\Database\BaseBuilder->get()
#5 C:\xampp\htdocs\blog\app\Controllers\Solicitudes.php(14): CodeIgniter\Model->__call('get', Array)
#6 C:\xampp\htdocs\blog\system\CodeIgniter.php(824): App\Controllers\Solicitudes->index()
#7 C:\xampp\htdocs\blog\system\CodeIgniter.php(410): CodeIgniter\CodeIgniter->runController(Object(App\Controllers\Solicitudes))
#8 C:\xampp\htdocs\blog\system\CodeIgniter.php(318): CodeIgniter\CodeIgniter->handleRequest(NULL, Object(Config\Cache), false)
#9 C:\xampp\htdocs\blog\public\index.php(37): CodeIgniter\CodeIgniter->run()
#10 {main}
CRITICAL - 2021-11-29 10:23:43 --> Cannot use object of type stdClass as array
#0 C:\xampp\htdocs\blog\system\View\View.php(214): include()
#1 C:\xampp\htdocs\blog\system\View\View.php(217): CodeIgniter\View\View->CodeIgniter\View\{closure}()
#2 C:\xampp\htdocs\blog\system\Common.php(1097): CodeIgniter\View\View->render('solicitudes', Array, true)
#3 C:\xampp\htdocs\blog\app\Controllers\Solicitudes.php(20): view('solicitudes', Array)
#4 C:\xampp\htdocs\blog\system\CodeIgniter.php(824): App\Controllers\Solicitudes->index()
#5 C:\xampp\htdocs\blog\system\CodeIgniter.php(410): CodeIgniter\CodeIgniter->runController(Object(App\Controllers\Solicitudes))
#6 C:\xampp\htdocs\blog\system\CodeIgniter.php(318): CodeIgniter\CodeIgniter->handleRequest(NULL, Object(Config\Cache), false)
#7 C:\xampp\htdocs\blog\public\index.php(37): CodeIgniter\CodeIgniter->run()
#8 {main}
CRITICAL - 2021-11-29 10:24:17 --> Cannot use object of type stdClass as array
#0 C:\xampp\htdocs\blog\system\View\View.php(214): include()
#1 C:\xampp\htdocs\blog\system\View\View.php(217): CodeIgniter\View\View->CodeIgniter\View\{closure}()
#2 C:\xampp\htdocs\blog\system\Common.php(1097): CodeIgniter\View\View->render('solicitudes', Array, true)
#3 C:\xampp\htdocs\blog\app\Controllers\Solicitudes.php(20): view('solicitudes', Array)
#4 C:\xampp\htdocs\blog\system\CodeIgniter.php(824): App\Controllers\Solicitudes->index()
#5 C:\xampp\htdocs\blog\system\CodeIgniter.php(410): CodeIgniter\CodeIgniter->runController(Object(App\Controllers\Solicitudes))
#6 C:\xampp\htdocs\blog\system\CodeIgniter.php(318): CodeIgniter\CodeIgniter->handleRequest(NULL, Object(Config\Cache), false)
#7 C:\xampp\htdocs\blog\public\index.php(37): CodeIgniter\CodeIgniter->run()
#8 {main}
CRITICAL - 2021-11-29 10:24:57 --> Call to undefined method CodeIgniter\Database\MySQLi\Result::findAll()
#0 C:\xampp\htdocs\blog\system\CodeIgniter.php(824): App\Controllers\Solicitudes->index()
#1 C:\xampp\htdocs\blog\system\CodeIgniter.php(410): CodeIgniter\CodeIgniter->runController(Object(App\Controllers\Solicitudes))
#2 C:\xampp\htdocs\blog\system\CodeIgniter.php(318): CodeIgniter\CodeIgniter->handleRequest(NULL, Object(Config\Cache), false)
#3 C:\xampp\htdocs\blog\public\index.php(37): CodeIgniter\CodeIgniter->run()
#4 {main}
CRITICAL - 2021-11-29 10:26:29 --> Undefined constant "App\Controllers\solicitud"
#0 C:\xampp\htdocs\blog\system\CodeIgniter.php(824): App\Controllers\Solicitudes->index()
#1 C:\xampp\htdocs\blog\system\CodeIgniter.php(410): CodeIgniter\CodeIgniter->runController(Object(App\Controllers\Solicitudes))
#2 C:\xampp\htdocs\blog\system\CodeIgniter.php(318): CodeIgniter\CodeIgniter->handleRequest(NULL, Object(Config\Cache), false)
#3 C:\xampp\htdocs\blog\public\index.php(37): CodeIgniter\CodeIgniter->run()
#4 {main}
CRITICAL - 2021-11-29 10:27:04 --> Cannot use object of type stdClass as array
#0 C:\xampp\htdocs\blog\system\View\View.php(214): include()
#1 C:\xampp\htdocs\blog\system\View\View.php(217): CodeIgniter\View\View->CodeIgniter\View\{closure}()
#2 C:\xampp\htdocs\blog\system\Common.php(1097): CodeIgniter\View\View->render('solicitudes', Array, true)
#3 C:\xampp\htdocs\blog\app\Controllers\Solicitudes.php(20): view('solicitudes', Array)
#4 C:\xampp\htdocs\blog\system\CodeIgniter.php(824): App\Controllers\Solicitudes->index()
#5 C:\xampp\htdocs\blog\system\CodeIgniter.php(410): CodeIgniter\CodeIgniter->runController(Object(App\Controllers\Solicitudes))
#6 C:\xampp\htdocs\blog\system\CodeIgniter.php(318): CodeIgniter\CodeIgniter->handleRequest(NULL, Object(Config\Cache), false)
#7 C:\xampp\htdocs\blog\public\index.php(37): CodeIgniter\CodeIgniter->run()
#8 {main}
CRITICAL - 2021-11-29 10:27:19 --> Cannot use object of type stdClass as array
#0 C:\xampp\htdocs\blog\system\View\View.php(214): include()
#1 C:\xampp\htdocs\blog\system\View\View.php(217): CodeIgniter\View\View->CodeIgniter\View\{closure}()
#2 C:\xampp\htdocs\blog\system\Common.php(1097): CodeIgniter\View\View->render('solicitudes', Array, true)
#3 C:\xampp\htdocs\blog\app\Controllers\Solicitudes.php(20): view('solicitudes', Array)
#4 C:\xampp\htdocs\blog\system\CodeIgniter.php(824): App\Controllers\Solicitudes->index()
#5 C:\xampp\htdocs\blog\system\CodeIgniter.php(410): CodeIgniter\CodeIgniter->runController(Object(App\Controllers\Solicitudes))
#6 C:\xampp\htdocs\blog\system\CodeIgniter.php(318): CodeIgniter\CodeIgniter->handleRequest(NULL, Object(Config\Cache), false)
#7 C:\xampp\htdocs\blog\public\index.php(37): CodeIgniter\CodeIgniter->run()
#8 {main}
CRITICAL - 2021-11-29 10:30:09 --> Cannot use object of type stdClass as array
#0 C:\xampp\htdocs\blog\system\View\View.php(214): include()
#1 C:\xampp\htdocs\blog\system\View\View.php(217): CodeIgniter\View\View->CodeIgniter\View\{closure}()
#2 C:\xampp\htdocs\blog\system\Common.php(1097): CodeIgniter\View\View->render('solicitudes', Array, true)
#3 C:\xampp\htdocs\blog\app\Controllers\Solicitudes.php(20): view('solicitudes', Array)
#4 C:\xampp\htdocs\blog\system\CodeIgniter.php(824): App\Controllers\Solicitudes->index()
#5 C:\xampp\htdocs\blog\system\CodeIgniter.php(410): CodeIgniter\CodeIgniter->runController(Object(App\Controllers\Solicitudes))
#6 C:\xampp\htdocs\blog\system\CodeIgniter.php(318): CodeIgniter\CodeIgniter->handleRequest(NULL, Object(Config\Cache), false)
#7 C:\xampp\htdocs\blog\public\index.php(37): CodeIgniter\CodeIgniter->run()
#8 {main}
CRITICAL - 2021-11-29 10:33:00 --> json_decode(): Argument #1 ($json) must be of type string, array given
#0 C:\xampp\htdocs\blog\app\Views\solicitudes.php(2): json_decode(Array)
#1 C:\xampp\htdocs\blog\system\View\View.php(214): include('C:\\xampp\\htdocs...')
#2 C:\xampp\htdocs\blog\system\View\View.php(217): CodeIgniter\View\View->CodeIgniter\View\{closure}()
#3 C:\xampp\htdocs\blog\system\Common.php(1097): CodeIgniter\View\View->render('solicitudes', Array, true)
#4 C:\xampp\htdocs\blog\app\Controllers\Solicitudes.php(20): view('solicitudes', Array)
#5 C:\xampp\htdocs\blog\system\CodeIgniter.php(824): App\Controllers\Solicitudes->index()
#6 C:\xampp\htdocs\blog\system\CodeIgniter.php(410): CodeIgniter\CodeIgniter->runController(Object(App\Controllers\Solicitudes))
#7 C:\xampp\htdocs\blog\system\CodeIgniter.php(318): CodeIgniter\CodeIgniter->handleRequest(NULL, Object(Config\Cache), false)
#8 C:\xampp\htdocs\blog\public\index.php(37): CodeIgniter\CodeIgniter->run()
#9 {main}
CRITICAL - 2021-11-29 10:36:01 --> foreach() argument must be of type array|object, string given
#0 C:\xampp\htdocs\blog\app\Views\solicitudes.php(18): CodeIgniter\Debug\Exceptions->errorHandler(2, 'foreach() argum...', 'C:\\xampp\\htdocs...', 18)
#1 C:\xampp\htdocs\blog\system\View\View.php(214): include('C:\\xampp\\htdocs...')
#2 C:\xampp\htdocs\blog\system\View\View.php(217): CodeIgniter\View\View->CodeIgniter\View\{closure}()
#3 C:\xampp\htdocs\blog\system\Common.php(1097): CodeIgniter\View\View->render('solicitudes', Array, true)
#4 C:\xampp\htdocs\blog\app\Controllers\Solicitudes.php(20): view('solicitudes', Array)
#5 C:\xampp\htdocs\blog\system\CodeIgniter.php(824): App\Controllers\Solicitudes->index()
#6 C:\xampp\htdocs\blog\system\CodeIgniter.php(410): CodeIgniter\CodeIgniter->runController(Object(App\Controllers\Solicitudes))
#7 C:\xampp\htdocs\blog\system\CodeIgniter.php(318): CodeIgniter\CodeIgniter->handleRequest(NULL, Object(Config\Cache), false)
#8 C:\xampp\htdocs\blog\public\index.php(37): CodeIgniter\CodeIgniter->run()
#9 {main}
CRITICAL - 2021-11-29 10:36:24 --> Cannot use object of type stdClass as array
#0 C:\xampp\htdocs\blog\system\View\View.php(214): include()
#1 C:\xampp\htdocs\blog\system\View\View.php(217): CodeIgniter\View\View->CodeIgniter\View\{closure}()
#2 C:\xampp\htdocs\blog\system\Common.php(1097): CodeIgniter\View\View->render('solicitudes', Array, true)
#3 C:\xampp\htdocs\blog\app\Controllers\Solicitudes.php(20): view('solicitudes', Array)
#4 C:\xampp\htdocs\blog\system\CodeIgniter.php(824): App\Controllers\Solicitudes->index()
#5 C:\xampp\htdocs\blog\system\CodeIgniter.php(410): CodeIgniter\CodeIgniter->runController(Object(App\Controllers\Solicitudes))
#6 C:\xampp\htdocs\blog\system\CodeIgniter.php(318): CodeIgniter\CodeIgniter->handleRequest(NULL, Object(Config\Cache), false)
#7 C:\xampp\htdocs\blog\public\index.php(37): CodeIgniter\CodeIgniter->run()
#8 {main}
CRITICAL - 2021-11-29 11:32:47 --> syntax error, unexpected token ";", expecting "]"
#0 C:\xampp\htdocs\blog\system\Autoloader\Autoloader.php(241): CodeIgniter\Autoloader\Autoloader->includeFile('C:\\xampp\\htdocs...')
#1 C:\xampp\htdocs\blog\system\Autoloader\Autoloader.php(219): CodeIgniter\Autoloader\Autoloader->loadInNamespace('App\\Controllers...')
#2 [internal function]: CodeIgniter\Autoloader\Autoloader->loadClass('App\\Controllers...')
#3 C:\xampp\htdocs\blog\system\CodeIgniter.php(789): class_exists('\\App\\Controller...', true)
#4 C:\xampp\htdocs\blog\system\CodeIgniter.php(397): CodeIgniter\CodeIgniter->startController()
#5 C:\xampp\htdocs\blog\system\CodeIgniter.php(318): CodeIgniter\CodeIgniter->handleRequest(NULL, Object(Config\Cache), false)
#6 C:\xampp\htdocs\blog\public\index.php(37): CodeIgniter\CodeIgniter->run()
#7 {main}
ERROR - 2021-11-29 12:14:31 --> Column 'nombre' cannot be null
CRITICAL - 2021-11-29 12:14:31 --> Column 'nombre' cannot be null
#0 C:\xampp\htdocs\blog\system\Database\MySQLi\Connection.php(292): mysqli->query('INSERT INTO `em...', 0)
#1 C:\xampp\htdocs\blog\system\Database\BaseConnection.php(670): CodeIgniter\Database\MySQLi\Connection->execute('INSERT INTO `em...')
#2 C:\xampp\htdocs\blog\system\Database\BaseConnection.php(598): CodeIgniter\Database\BaseConnection->simpleQuery('INSERT INTO `em...')
#3 C:\xampp\htdocs\blog\system\Database\BaseBuilder.php(1759): CodeIgniter\Database\BaseConnection->query('INSERT INTO `em...', Array, false)
#4 C:\xampp\htdocs\blog\system\Model.php(239): CodeIgniter\Database\BaseBuilder->insert()
#5 C:\xampp\htdocs\blog\system\BaseModel.php(738): CodeIgniter\Model->doInsert(Array)
#6 C:\xampp\htdocs\blog\system\Model.php(620): CodeIgniter\BaseModel->insert(Array, true)
#7 C:\xampp\htdocs\blog\app\Controllers\Empleados.php(28): CodeIgniter\Model->insert(Array)
#8 C:\xampp\htdocs\blog\system\CodeIgniter.php(824): App\Controllers\Empleados->save()
#9 C:\xampp\htdocs\blog\system\CodeIgniter.php(410): CodeIgniter\CodeIgniter->runController(Object(App\Controllers\Empleados))
#10 C:\xampp\htdocs\blog\system\CodeIgniter.php(318): CodeIgniter\CodeIgniter->handleRequest(NULL, Object(Config\Cache), false)
#11 C:\xampp\htdocs\blog\public\index.php(37): CodeIgniter\CodeIgniter->run()
#12 {main}
ERROR - 2021-11-29 12:15:06 --> Column 'nombre' cannot be null
CRITICAL - 2021-11-29 12:15:06 --> Column 'nombre' cannot be null
#0 C:\xampp\htdocs\blog\system\Database\MySQLi\Connection.php(292): mysqli->query('INSERT INTO `em...', 0)
#1 C:\xampp\htdocs\blog\system\Database\BaseConnection.php(670): CodeIgniter\Database\MySQLi\Connection->execute('INSERT INTO `em...')
#2 C:\xampp\htdocs\blog\system\Database\BaseConnection.php(598): CodeIgniter\Database\BaseConnection->simpleQuery('INSERT INTO `em...')
#3 C:\xampp\htdocs\blog\system\Database\BaseBuilder.php(1759): CodeIgniter\Database\BaseConnection->query('INSERT INTO `em...', Array, false)
#4 C:\xampp\htdocs\blog\system\Model.php(239): CodeIgniter\Database\BaseBuilder->insert()
#5 C:\xampp\htdocs\blog\system\BaseModel.php(738): CodeIgniter\Model->doInsert(Array)
#6 C:\xampp\htdocs\blog\system\Model.php(620): CodeIgniter\BaseModel->insert(Array, true)
#7 C:\xampp\htdocs\blog\app\Controllers\Empleados.php(28): CodeIgniter\Model->insert(Array)
#8 C:\xampp\htdocs\blog\system\CodeIgniter.php(824): App\Controllers\Empleados->save()
#9 C:\xampp\htdocs\blog\system\CodeIgniter.php(410): CodeIgniter\CodeIgniter->runController(Object(App\Controllers\Empleados))
#10 C:\xampp\htdocs\blog\system\CodeIgniter.php(318): CodeIgniter\CodeIgniter->handleRequest(NULL, Object(Config\Cache), false)
#11 C:\xampp\htdocs\blog\public\index.php(37): CodeIgniter\CodeIgniter->run()
#12 {main}
CRITICAL - 2021-11-29 12:16:22 --> Allowed fields must be specified for model: App\Models\Solicitud
#0 C:\xampp\htdocs\blog\system\BaseModel.php(1138): CodeIgniter\Database\Exceptions\DataException::forInvalidAllowedFields('App\\Models\\Soli...')
#1 C:\xampp\htdocs\blog\system\BaseModel.php(713): CodeIgniter\BaseModel->doProtectFields(Array)
#2 C:\xampp\htdocs\blog\system\Model.php(620): CodeIgniter\BaseModel->insert(Array, true)
#3 C:\xampp\htdocs\blog\app\Controllers\Solicitudes.php(34): CodeIgniter\Model->insert(Array)
#4 C:\xampp\htdocs\blog\system\CodeIgniter.php(824): App\Controllers\Solicitudes->save2()
#5 C:\xampp\htdocs\blog\system\CodeIgniter.php(410): CodeIgniter\CodeIgniter->runController(Object(App\Controllers\Solicitudes))
#6 C:\xampp\htdocs\blog\system\CodeIgniter.php(318): CodeIgniter\CodeIgniter->handleRequest(NULL, Object(Config\Cache), false)
#7 C:\xampp\htdocs\blog\public\index.php(37): CodeIgniter\CodeIgniter->run()
#8 {main}
